# JRE version: OpenJDK Runtime Environment (11.0.13) (build 11.0.13+0-b1751.21-8125866)
# Java VM: OpenJDK 64-Bit Server VM (11.0.13+0-b1751.21-8125866, mixed mode, tiered, compressed oops, g1 gc, windows-amd64)
Heap:
 garbage-first heap   total 129024K, used 30427K [0x00000000a0000000, 0x0000000100000000)
  region size 1024K, 16 young (16384K), 3 survivors (3072K)
 Metaspace       used 28235K, capacity 28834K, committed 29056K, reserved 1079296K
  class space    used 3707K, capacity 3945K, committed 3968K, reserved 1048576K
GC Heap History (8 events):
Event: 1.113 GC heap before
{Heap before GC invocations=0 (full 0):
 garbage-first heap   total 129024K, used 29696K [0x00000000a0000000, 0x0000000100000000)
  region size 1024K, 24 young (24576K), 0 survivors (0K)
 Metaspace       used 10691K, capacity 10946K, committed 11264K, reserved 1058816K
  class space    used 1110K, capacity 1202K, committed 1280K, reserved 1048576K
}
Event: 1.118 GC heap after
{Heap after GC invocations=1 (full 0):
 garbage-first heap   total 129024K, used 9081K [0x00000000a0000000, 0x0000000100000000)
  region size 1024K, 3 young (3072K), 3 survivors (3072K)
 Metaspace       used 10691K, capacity 10946K, committed 11264K, reserved 1058816K
  class space    used 1110K, capacity 1202K, committed 1280K, reserved 1048576K
}
Event: 3.329 GC heap before
{Heap before GC invocations=1 (full 0):
 garbage-first heap   total 129024K, used 81785K [0x00000000a0000000, 0x0000000100000000)
  region size 1024K, 75 young (76800K), 3 survivors (3072K)
 Metaspace       used 18820K, capacity 19218K, committed 19328K, reserved 1067008K
  class space    used 2261K, capacity 2413K, committed 2432K, reserved 1048576K
}
Event: 3.390 GC heap after
{Heap after GC invocations=2 (full 0):
 garbage-first heap   total 129024K, used 15584K [0x00000000a0000000, 0x0000000100000000)
  region size 1024K, 10 young (10240K), 10 survivors (10240K)
 Metaspace       used 18820K, capacity 19218K, committed 19328K, reserved 1067008K
  class space    used 2261K, capacity 2413K, committed 2432K, reserved 1048576K
}
Event: 3.597 GC heap before
{Heap before GC invocations=2 (full 0):
 garbage-first heap   total 129024K, used 25824K [0x00000000a0000000, 0x0000000100000000)
  region size 1024K, 22 young (22528K), 10 survivors (10240K)
 Metaspace       used 20707K, capacity 21168K, committed 21296K, reserved 1069056K
  class space    used 2527K, capacity 2663K, committed 2688K, reserved 1048576K
}
Event: 3.604 GC heap after
{Heap after GC invocations=3 (full 0):
 garbage-first heap   total 129024K, used 16176K [0x00000000a0000000, 0x0000000100000000)
  region size 1024K, 1 young (1024K), 1 survivors (1024K)
 Metaspace       used 20707K, capacity 21168K, committed 21296K, reserved 1069056K
  class space    used 2527K, capacity 2663K, committed 2688K, reserved 1048576K
}
Event: 4.742 GC heap before
{Heap before GC invocations=4 (full 0):
 garbage-first heap   total 129024K, used 75568K [0x00000000a0000000, 0x0000000100000000)
  region size 1024K, 59 young (60416K), 1 survivors (1024K)
 Metaspace       used 26923K, capacity 27553K, committed 27776K, reserved 1073152K
  class space    used 3488K, capacity 3710K, committed 3712K, reserved 1048576K
}
Event: 4.746 GC heap after
{Heap after GC invocations=5 (full 0):
 garbage-first heap   total 129024K, used 18139K [0x00000000a0000000, 0x0000000100000000)
  region size 1024K, 3 young (3072K), 3 survivors (3072K)
 Metaspace       used 26923K, capacity 27553K, committed 27776K, reserved 1073152K
  class space    used 3488K, capacity 3710K, committed 3712K, reserved 1048576K
}

