# JRE version: OpenJDK Runtime Environment (11.0.13) (build 11.0.13+0-b1751.21-8125866)
# Java VM: OpenJDK 64-Bit Server VM (11.0.13+0-b1751.21-8125866, mixed mode, tiered, compressed oops, g1 gc, windows-amd64)
Heap:
 garbage-first heap   total 461824K, used 121855K [0x00000000a0000000, 0x0000000100000000)
  region size 1024K, 13 young (13312K), 9 survivors (9216K)
 Metaspace       used 106573K, capacity 109822K, committed 110928K, reserved 1144832K
  class space    used 13479K, capacity 14645K, committed 14976K, reserved 1048576K
GC Heap History (20 events):
Event: 481.495 GC heap before
{Heap before GC invocations=52 (full 0):
 garbage-first heap   total 299008K, used 237498K [0x00000000a0000000, 0x0000000100000000)
  region size 1024K, 81 young (82944K), 13 survivors (13312K)
 Metaspace       used 105822K, capacity 109181K, committed 109264K, reserved 1144832K
  class space    used 13567K, capacity 14822K, committed 14848K, reserved 1048576K
}
Event: 481.600 GC heap after
{Heap after GC invocations=53 (full 0):
 garbage-first heap   total 299008K, used 166462K [0x00000000a0000000, 0x0000000100000000)
  region size 1024K, 7 young (7168K), 7 survivors (7168K)
 Metaspace       used 105822K, capacity 109181K, committed 109264K, reserved 1144832K
  class space    used 13567K, capacity 14822K, committed 14848K, reserved 1048576K
}
Event: 482.829 GC heap before
{Heap before GC invocations=54 (full 0):
 garbage-first heap   total 350208K, used 348734K [0x00000000a0000000, 0x0000000100000000)
  region size 1024K, 22 young (22528K), 7 survivors (7168K)
 Metaspace       used 105847K, capacity 109249K, committed 109520K, reserved 1144832K
  class space    used 13567K, capacity 14822K, committed 14848K, reserved 1048576K
}
Event: 482.843 GC heap after
{Heap after GC invocations=55 (full 0):
 garbage-first heap   total 356352K, used 101889K [0x00000000a0000000, 0x0000000100000000)
  region size 1024K, 3 young (3072K), 3 survivors (3072K)
 Metaspace       used 105847K, capacity 109249K, committed 109520K, reserved 1144832K
  class space    used 13567K, capacity 14822K, committed 14848K, reserved 1048576K
}
Event: 870.264 GC heap before
{Heap before GC invocations=55 (full 0):
 garbage-first heap   total 356352K, used 116225K [0x00000000a0000000, 0x0000000100000000)
  region size 1024K, 17 young (17408K), 3 survivors (3072K)
 Metaspace       used 105928K, capacity 109378K, committed 109520K, reserved 1144832K
  class space    used 13567K, capacity 14822K, committed 14848K, reserved 1048576K
}
Event: 870.279 GC heap after
{Heap after GC invocations=56 (full 0):
 garbage-first heap   total 356352K, used 103135K [0x00000000a0000000, 0x0000000100000000)
  region size 1024K, 2 young (2048K), 2 survivors (2048K)
 Metaspace       used 105928K, capacity 109378K, committed 109520K, reserved 1144832K
  class space    used 13567K, capacity 14822K, committed 14848K, reserved 1048576K
}
Event: 876.545 GC heap before
{Heap before GC invocations=56 (full 0):
 garbage-first heap   total 356352K, used 254687K [0x00000000a0000000, 0x0000000100000000)
  region size 1024K, 150 young (153600K), 2 survivors (2048K)
 Metaspace       used 106271K, capacity 109724K, committed 109776K, reserved 1144832K
  class space    used 13576K, capacity 14837K, committed 14848K, reserved 1048576K
}
Event: 876.557 GC heap after
{Heap after GC invocations=57 (full 0):
 garbage-first heap   total 356352K, used 112023K [0x00000000a0000000, 0x0000000100000000)
  region size 1024K, 11 young (11264K), 11 survivors (11264K)
 Metaspace       used 106271K, capacity 109724K, committed 109776K, reserved 1144832K
  class space    used 13576K, capacity 14837K, committed 14848K, reserved 1048576K
}
Event: 877.783 GC heap before
{Heap before GC invocations=57 (full 0):
 garbage-first heap   total 356352K, used 282007K [0x00000000a0000000, 0x0000000100000000)
  region size 1024K, 84 young (86016K), 11 survivors (11264K)
 Metaspace       used 106404K, capacity 109859K, committed 110160K, reserved 1144832K
  class space    used 13585K, capacity 14853K, committed 14976K, reserved 1048576K
}
Event: 877.795 GC heap after
{Heap after GC invocations=58 (full 0):
 garbage-first heap   total 356352K, used 206219K [0x00000000a0000000, 0x0000000100000000)
  region size 1024K, 12 young (12288K), 12 survivors (12288K)
 Metaspace       used 106404K, capacity 109859K, committed 110160K, reserved 1144832K
  class space    used 13585K, capacity 14853K, committed 14976K, reserved 1048576K
}
Event: 904.340 GC heap before
{Heap before GC invocations=59 (full 0):
 garbage-first heap   total 409600K, used 408765K [0x00000000a0000000, 0x0000000100000000)
  region size 1024K, 16 young (16384K), 12 survivors (12288K)
 Metaspace       used 106440K, capacity 109923K, committed 110160K, reserved 1144832K
  class space    used 13585K, capacity 14853K, committed 14976K, reserved 1048576K
}
Event: 904.348 GC heap after
{Heap after GC invocations=60 (full 0):
 garbage-first heap   total 418816K, used 110052K [0x00000000a0000000, 0x0000000100000000)
  region size 1024K, 3 young (3072K), 3 survivors (3072K)
 Metaspace       used 106440K, capacity 109923K, committed 110160K, reserved 1144832K
  class space    used 13585K, capacity 14853K, committed 14976K, reserved 1048576K
}
Event: 1822.066 GC heap before
{Heap before GC invocations=60 (full 0):
 garbage-first heap   total 418816K, used 126436K [0x00000000a0000000, 0x0000000100000000)
  region size 1024K, 20 young (20480K), 3 survivors (3072K)
 Metaspace       used 106505K, capacity 109987K, committed 110160K, reserved 1144832K
  class space    used 13585K, capacity 14853K, committed 14976K, reserved 1048576K
}
Event: 1822.077 GC heap after
{Heap after GC invocations=61 (full 0):
 garbage-first heap   total 418816K, used 110221K [0x00000000a0000000, 0x0000000100000000)
  region size 1024K, 1 young (1024K), 1 survivors (1024K)
 Metaspace       used 106505K, capacity 109987K, committed 110160K, reserved 1144832K
  class space    used 13585K, capacity 14853K, committed 14976K, reserved 1048576K
}
Event: 2153.100 GC heap before
{Heap before GC invocations=61 (full 0):
 garbage-first heap   total 418816K, used 408205K [0x00000000a0000000, 0x0000000100000000)
  region size 1024K, 216 young (221184K), 1 survivors (1024K)
 Metaspace       used 107050K, capacity 110659K, committed 110928K, reserved 1144832K
  class space    used 13615K, capacity 14908K, committed 14976K, reserved 1048576K
}
Event: 2153.131 GC heap after
{Heap after GC invocations=62 (full 0):
 garbage-first heap   total 421888K, used 121175K [0x00000000a0000000, 0x0000000100000000)
  region size 1024K, 12 young (12288K), 12 survivors (12288K)
 Metaspace       used 107050K, capacity 110659K, committed 110928K, reserved 1144832K
  class space    used 13615K, capacity 14908K, committed 14976K, reserved 1048576K
}
Event: 2153.391 GC heap before
{Heap before GC invocations=62 (full 0):
 garbage-first heap   total 421888K, used 186711K [0x00000000a0000000, 0x0000000100000000)
  region size 1024K, 29 young (29696K), 12 survivors (12288K)
 Metaspace       used 107090K, capacity 110675K, committed 110928K, reserved 1144832K
  class space    used 13617K, capacity 14911K, committed 14976K, reserved 1048576K
}
Event: 2153.406 GC heap after
{Heap after GC invocations=63 (full 0):
 garbage-first heap   total 421888K, used 156056K [0x00000000a0000000, 0x0000000100000000)
  region size 1024K, 10 young (10240K), 10 survivors (10240K)
 Metaspace       used 107090K, capacity 110675K, committed 110928K, reserved 1144832K
  class space    used 13617K, capacity 14911K, committed 14976K, reserved 1048576K
}
Event: 2154.842 GC heap before
{Heap before GC invocations=64 (full 0):
 garbage-first heap   total 452608K, used 450968K [0x00000000a0000000, 0x0000000100000000)
  region size 1024K, 26 young (26624K), 10 survivors (10240K)
 Metaspace       used 106558K, capacity 109822K, committed 110928K, reserved 1144832K
  class space    used 13479K, capacity 14645K, committed 14976K, reserved 1048576K
}
Event: 2154.855 GC heap after
{Heap after GC invocations=65 (full 0):
 garbage-first heap   total 461824K, used 118783K [0x00000000a0000000, 0x0000000100000000)
  region size 1024K, 9 young (9216K), 9 survivors (9216K)
 Metaspace       used 106558K, capacity 109822K, committed 110928K, reserved 1144832K
  class space    used 13479K, capacity 14645K, committed 14976K, reserved 1048576K
}

