# JRE version: OpenJDK Runtime Environment (11.0.13) (build 11.0.13+0-b1751.21-8125866)
# Java VM: OpenJDK 64-Bit Server VM (11.0.13+0-b1751.21-8125866, mixed mode, tiered, compressed oops, g1 gc, windows-amd64)
Heap:
 garbage-first heap   total 129024K, used 44934K [0x00000000a0000000, 0x0000000100000000)
  region size 1024K, 28 young (28672K), 6 survivors (6144K)
 Metaspace       used 37235K, capacity 37984K, committed 38016K, reserved 1083392K
  class space    used 4695K, capacity 4969K, committed 4992K, reserved 1048576K
GC Heap History (10 events):
Event: 1.012 GC heap before
{Heap before GC invocations=0 (full 0):
 garbage-first heap   total 129024K, used 29696K [0x00000000a0000000, 0x0000000100000000)
  region size 1024K, 24 young (24576K), 0 survivors (0K)
 Metaspace       used 10684K, capacity 10946K, committed 11264K, reserved 1058816K
  class space    used 1110K, capacity 1202K, committed 1280K, reserved 1048576K
}
Event: 1.016 GC heap after
{Heap after GC invocations=1 (full 0):
 garbage-first heap   total 129024K, used 8654K [0x00000000a0000000, 0x0000000100000000)
  region size 1024K, 3 young (3072K), 3 survivors (3072K)
 Metaspace       used 10684K, capacity 10946K, committed 11264K, reserved 1058816K
  class space    used 1110K, capacity 1202K, committed 1280K, reserved 1048576K
}
Event: 2.760 GC heap before
{Heap before GC invocations=1 (full 0):
 garbage-first heap   total 129024K, used 81358K [0x00000000a0000000, 0x0000000100000000)
  region size 1024K, 75 young (76800K), 3 survivors (3072K)
 Metaspace       used 18562K, capacity 18975K, committed 19072K, reserved 1067008K
  class space    used 2219K, capacity 2374K, committed 2432K, reserved 1048576K
}
Event: 2.770 GC heap after
{Heap after GC invocations=2 (full 0):
 garbage-first heap   total 129024K, used 15533K [0x00000000a0000000, 0x0000000100000000)
  region size 1024K, 10 young (10240K), 10 survivors (10240K)
 Metaspace       used 18562K, capacity 18975K, committed 19072K, reserved 1067008K
  class space    used 2219K, capacity 2374K, committed 2432K, reserved 1048576K
}
Event: 2.973 GC heap before
{Heap before GC invocations=2 (full 0):
 garbage-first heap   total 129024K, used 28845K [0x00000000a0000000, 0x0000000100000000)
  region size 1024K, 24 young (24576K), 10 survivors (10240K)
 Metaspace       used 20702K, capacity 21168K, committed 21296K, reserved 1069056K
  class space    used 2527K, capacity 2663K, committed 2688K, reserved 1048576K
}
Event: 2.981 GC heap after
{Heap after GC invocations=3 (full 0):
 garbage-first heap   total 129024K, used 16198K [0x00000000a0000000, 0x0000000100000000)
  region size 1024K, 1 young (1024K), 1 survivors (1024K)
 Metaspace       used 20702K, capacity 21168K, committed 21296K, reserved 1069056K
  class space    used 2527K, capacity 2663K, committed 2688K, reserved 1048576K
}
Event: 3.691 GC heap before
{Heap before GC invocations=4 (full 0):
 garbage-first heap   total 129024K, used 66374K [0x00000000a0000000, 0x0000000100000000)
  region size 1024K, 51 young (52224K), 1 survivors (1024K)
 Metaspace       used 26152K, capacity 26750K, committed 26880K, reserved 1073152K
  class space    used 3377K, capacity 3571K, committed 3584K, reserved 1048576K
}
Event: 3.695 GC heap after
{Heap after GC invocations=5 (full 0):
 garbage-first heap   total 129024K, used 17812K [0x00000000a0000000, 0x0000000100000000)
  region size 1024K, 3 young (3072K), 3 survivors (3072K)
 Metaspace       used 26152K, capacity 26750K, committed 26880K, reserved 1073152K
  class space    used 3377K, capacity 3571K, committed 3584K, reserved 1048576K
}
Event: 4.642 GC heap before
{Heap before GC invocations=5 (full 0):
 garbage-first heap   total 129024K, used 69012K [0x00000000a0000000, 0x0000000100000000)
  region size 1024K, 52 young (53248K), 3 survivors (3072K)
 Metaspace       used 35268K, capacity 35923K, committed 35968K, reserved 1081344K
  class space    used 4445K, capacity 4711K, committed 4736K, reserved 1048576K
}
Event: 4.652 GC heap after
{Heap after GC invocations=6 (full 0):
 garbage-first heap   total 129024K, used 23430K [0x00000000a0000000, 0x0000000100000000)
  region size 1024K, 6 young (6144K), 6 survivors (6144K)
 Metaspace       used 35268K, capacity 35923K, committed 35968K, reserved 1081344K
  class space    used 4445K, capacity 4711K, committed 4736K, reserved 1048576K
}

